<?xml version="1.0" encoding="UTF-8"?>
<!-- Generated by org.testng.reporters.JUnitReportReporter -->
<testsuite hostname="fatma" failures="0" tests="7" name="TestNG" time="0.000" errors="0" timestamp="2025-03-17T10:12:50 CET" skipped="7">
  <testcase classname="TestNG" name="TestLogin" time="0.000">
    <skipped/>
  </testcase> <!-- TestLogin -->
  <testcase classname="TestNG" name="TestLogin" time="0.000">
    <skipped/>
  </testcase> <!-- TestLogin -->
  <testcase classname="TestNG" name="TestLogin" time="0.000">
    <skipped/>
  </testcase> <!-- TestLogin -->
  <testcase classname="TestNG" name="TestLogin" time="0.000">
    <skipped/>
  </testcase> <!-- TestLogin -->
  <testcase classname="TestNG" name="test1" time="0.000">
    <skipped/>
  </testcase> <!-- test1 -->
  <testcase classname="TestNG" name="TestLogin" time="0.000">
    <skipped/>
  </testcase> <!-- TestLogin -->
  <testcase classname="TestNG" name="login">
    <skipped/>
  </testcase> <!-- login -->
</testsuite> <!-- TestNG -->
