<?xml version="1.0" encoding="UTF-8"?>
<!-- Generated by org.testng.reporters.JUnitReportReporter -->
<testsuite hostname="fatma" failures="0" tests="3" name="SecondTest" time="0.002" errors="0" timestamp="2025-03-17T10:12:50 CET" skipped="3">
  <testcase classname="SecondTest" name="setUp" time="0.002">
    <skipped/>
  </testcase> <!-- setUp -->
  <testcase classname="SecondTest" name="login" time="0.000">
    <skipped/>
  </testcase> <!-- login -->
  <testcase classname="SecondTest" name="close" time="0.000">
    <skipped/>
  </testcase> <!-- close -->
</testsuite> <!-- SecondTest -->
