<?xml version="1.0" encoding="UTF-8"?>
<!-- Generated by org.testng.reporters.JUnitReportReporter -->
<testsuite hostname="fatma" failures="0" tests="1" name="ThirdTest" time="0.000" errors="0" timestamp="2025-03-17T10:12:50 CET" skipped="1">
  <testcase classname="ThirdTest" name="test" time="0.000">
    <skipped/>
  </testcase> <!-- test -->
</testsuite> <!-- ThirdTest -->
