<?xml version="1.0" encoding="UTF-8"?>
<!-- Generated by org.testng.reporters.JUnitReportReporter -->
<testsuite hostname="fatma" failures="0" tests="4" name="testNG.TestNGGroupsDemo" time="0.000" errors="0" timestamp="2025-03-17T10:12:50 CET" skipped="4">
  <testcase classname="testNG.TestNGGroupsDemo" name="test1" time="0.000">
    <skipped/>
  </testcase> <!-- test1 -->
  <testcase classname="testNG.TestNGGroupsDemo" name="test2" time="0.000">
    <skipped/>
  </testcase> <!-- test2 -->
  <testcase classname="testNG.TestNGGroupsDemo" name="test3" time="0.000">
    <skipped/>
  </testcase> <!-- test3 -->
  <testcase classname="testNG.TestNGGroupsDemo" name="test4" time="0.000">
    <skipped/>
  </testcase> <!-- test4 -->
</testsuite> <!-- testNG.TestNGGroupsDemo -->
